This file contains any messages produced by compilers while
running configure, to aid debugging if configure makes a mistake.

It was created by configure, which was
generated by GNU Autoconf 2.57.  Invocation command line was

  $ ./configure 

## --------- ##
## Platform. ##
## --------- ##

hostname = rohan
uname -m = x86_64
uname -r = 4.15.0-20-generic
uname -s = Linux
uname -v = #21-Ubuntu SMP Tue Apr 24 06:16:15 UTC 2018

/usr/bin/uname -p = unknown
/bin/uname -X     = unknown

/bin/arch              = unknown
/usr/bin/arch -k       = unknown
/usr/convex/getsysinfo = unknown
hostinfo               = unknown
/bin/machine           = unknown
/usr/bin/oslevel       = unknown
/bin/universe          = unknown

PATH: /usr/local/sbin
PATH: /usr/local/bin
PATH: /usr/sbin
PATH: /usr/bin
PATH: /sbin
PATH: /bin
PATH: /usr/games
PATH: /usr/local/games
PATH: /snap/bin


## ----------- ##
## Core tests. ##
## ----------- ##

configure:1312: checking build system type
configure:1330: result: x86_64-unknown-linux-gnu
configure:1338: checking host system type
configure:1352: result: x86_64-unknown-linux-gnu
configure:1360: checking target system type
configure:1374: result: x86_64-unknown-linux-gnu
configure:1504: checking for gcc
configure:1520: found /usr/bin/gcc
configure:1530: result: gcc
configure:1774: checking for C compiler version
configure:1777: gcc --version </dev/null >&5
gcc (Ubuntu 7.3.0-16ubuntu3) 7.3.0
Copyright (C) 2017 Free Software Foundation, Inc.
This is free software; see the source for copying conditions.  There is NO
warranty; not even for MERCHANTABILITY or FITNESS FOR A PARTICULAR PURPOSE.

configure:1780: $? = 0
configure:1782: gcc -v </dev/null >&5
Using built-in specs.
COLLECT_GCC=gcc
COLLECT_LTO_WRAPPER=/usr/lib/gcc/x86_64-linux-gnu/7/lto-wrapper
OFFLOAD_TARGET_NAMES=nvptx-none
OFFLOAD_TARGET_DEFAULT=1
Target: x86_64-linux-gnu
Configured with: ../src/configure -v --with-pkgversion='Ubuntu 7.3.0-16ubuntu3' --with-bugurl=file:///usr/share/doc/gcc-7/README.Bugs --enable-languages=c,ada,c++,go,brig,d,fortran,objc,obj-c++ --prefix=/usr --with-gcc-major-version-only --with-as=/usr/bin/x86_64-linux-gnu-as --with-ld=/usr/bin/x86_64-linux-gnu-ld --program-suffix=-7 --program-prefix=x86_64-linux-gnu- --enable-shared --enable-linker-build-id --libexecdir=/usr/lib --without-included-gettext --enable-threads=posix --libdir=/usr/lib --enable-nls --with-sysroot=/ --enable-clocale=gnu --enable-libstdcxx-debug --enable-libstdcxx-time=yes --with-default-libstdcxx-abi=new --enable-gnu-unique-object --disable-vtable-verify --enable-libmpx --enable-plugin --enable-default-pie --with-system-zlib --with-target-system-zlib --enable-objc-gc=auto --enable-multiarch --disable-werror --with-arch-32=i686 --with-abi=m64 --with-multilib-list=m32,m64,mx32 --enable-multilib --with-tune=generic --enable-offload-targets=nvptx-none --without-cuda-driver --enable-checking=release --build=x86_64-linux-gnu --host=x86_64-linux-gnu --target=x86_64-linux-gnu
Thread model: posix
gcc version 7.3.0 (Ubuntu 7.3.0-16ubuntu3) 
configure:1785: $? = 0
configure:1787: gcc -V </dev/null >&5
gcc: error: unrecognized command line option '-V'
gcc: fatal error: no input files
compilation terminated.
configure:1790: $? = 1
configure:1814: checking for C compiler default output
configure:1817: gcc    conftest.c  >&5
configure:1820: $? = 0
configure:1866: result: a.out
configure:1871: checking whether the C compiler works
configure:1877: ./a.out
configure:1880: $? = 0
configure:1897: result: yes
configure:1904: checking whether we are cross compiling
configure:1906: result: no
configure:1909: checking for suffix of executables
configure:1911: gcc -o conftest    conftest.c  >&5
configure:1914: $? = 0
configure:1939: result: 
configure:1945: checking for suffix of object files
configure:1967: gcc -c   conftest.c >&5
configure:1970: $? = 0
configure:1992: result: o
configure:1996: checking whether we are using the GNU C compiler
configure:2021: gcc -c   conftest.c >&5
configure:2024: $? = 0
configure:2027: test -s conftest.o
configure:2030: $? = 0
configure:2043: result: yes
configure:2049: checking whether gcc accepts -g
configure:2071: gcc -c -g  conftest.c >&5
configure:2074: $? = 0
configure:2077: test -s conftest.o
configure:2080: $? = 0
configure:2091: result: yes
configure:2108: checking for gcc option to accept ANSI C
configure:2169: gcc  -c -g -O2  conftest.c >&5
configure:2172: $? = 0
configure:2175: test -s conftest.o
configure:2178: $? = 0
configure:2196: result: none needed
configure:2214: gcc -c -g -O2  conftest.c >&5
conftest.c:2:3: error: unknown type name 'choke'
   choke me
   ^~~~~
conftest.c:2:3: error: expected '=', ',', ';', 'asm' or '__attribute__' at end of input
configure:2217: $? = 1
configure: failed program was:
| #ifndef __cplusplus
|   choke me
| #endif
configure:2331: checking gcc version
configure:2343: result: 7
configure:2538: checking for inline
configure:2580: gcc -c -O2  conftest.c >&5
configure:2583: $? = 0
configure:2586: test -s conftest.o
configure:2589: $? = 0
configure:2609: result: inline
configure:2621: checking for __attribute__
configure:2653: gcc -c -g -O2  conftest.c >&5
configure:2656: $? = 0
configure:2659: test -s conftest.o
configure:2662: $? = 0
configure:2684: result: yes
configure:2688: checking for u_int8_t using gcc
configure:2716: gcc -c -g -O2  conftest.c >&5
configure:2719: $? = 0
configure:2722: test -s conftest.o
configure:2725: $? = 0
configure:2737: result: yes
configure:2746: checking for u_int16_t using gcc
configure:2774: gcc -c -g -O2  conftest.c >&5
configure:2777: $? = 0
configure:2780: test -s conftest.o
configure:2783: $? = 0
configure:2795: result: yes
configure:2804: checking for u_int32_t using gcc
configure:2832: gcc -c -g -O2  conftest.c >&5
configure:2835: $? = 0
configure:2838: test -s conftest.o
configure:2841: $? = 0
configure:2853: result: yes
configure:2868: checking how to run the C preprocessor
configure:2904: gcc -E  conftest.c
configure:2910: $? = 0
configure:2942: gcc -E  conftest.c
configure:2943:10: fatal error: ac_nonexistent.h: No such file or directory
   (eval $ac_cpp conftest.$ac_ext) 2>conftest.er1
          ^~~~~~~~~~~~~~~~~~
compilation terminated.
configure:2948: $? = 1
configure: failed program was:
| #line 2933 "configure"
| /* confdefs.h.  */
| 
| #define PACKAGE_NAME ""
| #define PACKAGE_TARNAME ""
| #define PACKAGE_VERSION ""
| #define PACKAGE_STRING ""
| #define PACKAGE_BUGREPORT ""
| #define inline inline
| #define HAVE___ATTRIBUTE__ 1
| /* end confdefs.h.  */
| #include <ac_nonexistent.h>
configure:2986: result: gcc -E
configure:3011: gcc -E  conftest.c
configure:3017: $? = 0
configure:3049: gcc -E  conftest.c
configure:3050:10: fatal error: ac_nonexistent.h: No such file or directory
   (eval $ac_cpp conftest.$ac_ext) 2>conftest.er1
          ^~~~~~~~~~~~~~~~~~
compilation terminated.
configure:3055: $? = 1
configure: failed program was:
| #line 3040 "configure"
| /* confdefs.h.  */
| 
| #define PACKAGE_NAME ""
| #define PACKAGE_TARNAME ""
| #define PACKAGE_VERSION ""
| #define PACKAGE_STRING ""
| #define PACKAGE_BUGREPORT ""
| #define inline inline
| #define HAVE___ATTRIBUTE__ 1
| /* end confdefs.h.  */
| #include <ac_nonexistent.h>
configure:3098: checking for egrep
configure:3108: result: grep -E
configure:3113: checking for ANSI C header files
configure:3139: gcc -c -g -O2  conftest.c >&5
configure:3142: $? = 0
configure:3145: test -s conftest.o
configure:3148: $? = 0
configure:3240: gcc -o conftest -g -O2   conftest.c  >&5
configure: In function 'main':
configure:3235:7: warning: implicit declaration of function 'exit' [-Wimplicit-function-declaration]
       exit(2);
       ^~~~
configure:3235:7: warning: incompatible implicit declaration of built-in function 'exit'
configure:3235:7: note: include '<stdlib.h>' or provide a declaration of 'exit'
configure:3236:3: warning: incompatible implicit declaration of built-in function 'exit'
   exit (0);
   ^~~~
configure:3236:3: note: include '<stdlib.h>' or provide a declaration of 'exit'
configure:3243: $? = 0
configure:3245: ./conftest
configure:3248: $? = 0
configure:3263: result: yes
configure:3287: checking for sys/types.h
configure:3304: gcc -c -g -O2  conftest.c >&5
configure:3307: $? = 0
configure:3310: test -s conftest.o
configure:3313: $? = 0
configure:3324: result: yes
configure:3287: checking for sys/stat.h
configure:3304: gcc -c -g -O2  conftest.c >&5
configure:3307: $? = 0
configure:3310: test -s conftest.o
configure:3313: $? = 0
configure:3324: result: yes
configure:3287: checking for stdlib.h
configure:3304: gcc -c -g -O2  conftest.c >&5
configure:3307: $? = 0
configure:3310: test -s conftest.o
configure:3313: $? = 0
configure:3324: result: yes
configure:3287: checking for string.h
configure:3304: gcc -c -g -O2  conftest.c >&5
configure:3307: $? = 0
configure:3310: test -s conftest.o
configure:3313: $? = 0
configure:3324: result: yes
configure:3287: checking for memory.h
configure:3304: gcc -c -g -O2  conftest.c >&5
configure:3307: $? = 0
configure:3310: test -s conftest.o
configure:3313: $? = 0
configure:3324: result: yes
configure:3287: checking for strings.h
configure:3304: gcc -c -g -O2  conftest.c >&5
configure:3307: $? = 0
configure:3310: test -s conftest.o
configure:3313: $? = 0
configure:3324: result: yes
configure:3287: checking for inttypes.h
configure:3304: gcc -c -g -O2  conftest.c >&5
configure:3307: $? = 0
configure:3310: test -s conftest.o
configure:3313: $? = 0
configure:3324: result: yes
configure:3287: checking for stdint.h
configure:3304: gcc -c -g -O2  conftest.c >&5
configure:3307: $? = 0
configure:3310: test -s conftest.o
configure:3313: $? = 0
configure:3324: result: yes
configure:3287: checking for unistd.h
configure:3304: gcc -c -g -O2  conftest.c >&5
configure:3307: $? = 0
configure:3310: test -s conftest.o
configure:3313: $? = 0
configure:3324: result: yes
configure:3352: checking sys/ioccom.h usability
configure:3365: gcc -c -g -O2  conftest.c >&5
configure:3408:10: fatal error: sys/ioccom.h: No such file or directory
     ac_cpp_err=$ac_c_preproc_warn_flag
          ^~~~~~~~~~~~~~
compilation terminated.
configure:3368: $? = 1
configure: failed program was:
| #line 3354 "configure"
| /* confdefs.h.  */
| 
| #define PACKAGE_NAME ""
| #define PACKAGE_TARNAME ""
| #define PACKAGE_VERSION ""
| #define PACKAGE_STRING ""
| #define PACKAGE_BUGREPORT ""
| #define inline inline
| #define HAVE___ATTRIBUTE__ 1
| #define STDC_HEADERS 1
| #define HAVE_SYS_TYPES_H 1
| #define HAVE_SYS_STAT_H 1
| #define HAVE_STDLIB_H 1
| #define HAVE_STRING_H 1
| #define HAVE_MEMORY_H 1
| #define HAVE_STRINGS_H 1
| #define HAVE_INTTYPES_H 1
| #define HAVE_STDINT_H 1
| #define HAVE_UNISTD_H 1
| /* end confdefs.h.  */
| #include <stdio.h>
| #if HAVE_SYS_TYPES_H
| # include <sys/types.h>
| #endif
| #if HAVE_SYS_STAT_H
| # include <sys/stat.h>
| #endif
| #if STDC_HEADERS
| # include <stdlib.h>
| # include <stddef.h>
| #else
| # if HAVE_STDLIB_H
| #  include <stdlib.h>
| # endif
| #endif
| #if HAVE_STRING_H
| # if !STDC_HEADERS && HAVE_MEMORY_H
| #  include <memory.h>
| # endif
| # include <string.h>
| #endif
| #if HAVE_STRINGS_H
| # include <strings.h>
| #endif
| #if HAVE_INTTYPES_H
| # include <inttypes.h>
| #else
| # if HAVE_STDINT_H
| #  include <stdint.h>
| # endif
| #endif
| #if HAVE_UNISTD_H
| # include <unistd.h>
| #endif
| #include <sys/ioccom.h>
configure:3384: result: no
configure:3388: checking sys/ioccom.h presence
configure:3399: gcc -E  conftest.c
configure:3410:10: fatal error: sys/ioccom.h: No such file or directory
     ac_cpp_err=
          ^~~~~~        
compilation terminated.
configure:3405: $? = 1
configure: failed program was:
| #line 3390 "configure"
| /* confdefs.h.  */
| 
| #define PACKAGE_NAME ""
| #define PACKAGE_TARNAME ""
| #define PACKAGE_VERSION ""
| #define PACKAGE_STRING ""
| #define PACKAGE_BUGREPORT ""
| #define inline inline
| #define HAVE___ATTRIBUTE__ 1
| #define STDC_HEADERS 1
| #define HAVE_SYS_TYPES_H 1
| #define HAVE_SYS_STAT_H 1
| #define HAVE_STDLIB_H 1
| #define HAVE_STRING_H 1
| #define HAVE_MEMORY_H 1
| #define HAVE_STRINGS_H 1
| #define HAVE_INTTYPES_H 1
| #define HAVE_STDINT_H 1
| #define HAVE_UNISTD_H 1
| /* end confdefs.h.  */
| #include <sys/ioccom.h>
configure:3424: result: no
configure:3460: checking for sys/ioccom.h
configure:3467: result: no
configure:3352: checking sys/sockio.h usability
configure:3365: gcc -c -g -O2  conftest.c >&5
configure:3408:10: fatal error: sys/sockio.h: No such file or directory
     ac_cpp_err=$ac_c_preproc_warn_flag
          ^~~~~~~~~~~~~~
compilation terminated.
configure:3368: $? = 1
configure: failed program was:
| #line 3354 "configure"
| /* confdefs.h.  */
| 
| #define PACKAGE_NAME ""
| #define PACKAGE_TARNAME ""
| #define PACKAGE_VERSION ""
| #define PACKAGE_STRING ""
| #define PACKAGE_BUGREPORT ""
| #define inline inline
| #define HAVE___ATTRIBUTE__ 1
| #define STDC_HEADERS 1
| #define HAVE_SYS_TYPES_H 1
| #define HAVE_SYS_STAT_H 1
| #define HAVE_STDLIB_H 1
| #define HAVE_STRING_H 1
| #define HAVE_MEMORY_H 1
| #define HAVE_STRINGS_H 1
| #define HAVE_INTTYPES_H 1
| #define HAVE_STDINT_H 1
| #define HAVE_UNISTD_H 1
| /* end confdefs.h.  */
| #include <stdio.h>
| #if HAVE_SYS_TYPES_H
| # include <sys/types.h>
| #endif
| #if HAVE_SYS_STAT_H
| # include <sys/stat.h>
| #endif
| #if STDC_HEADERS
| # include <stdlib.h>
| # include <stddef.h>
| #else
| # if HAVE_STDLIB_H
| #  include <stdlib.h>
| # endif
| #endif
| #if HAVE_STRING_H
| # if !STDC_HEADERS && HAVE_MEMORY_H
| #  include <memory.h>
| # endif
| # include <string.h>
| #endif
| #if HAVE_STRINGS_H
| # include <strings.h>
| #endif
| #if HAVE_INTTYPES_H
| # include <inttypes.h>
| #else
| # if HAVE_STDINT_H
| #  include <stdint.h>
| # endif
| #endif
| #if HAVE_UNISTD_H
| # include <unistd.h>
| #endif
| #include <sys/sockio.h>
configure:3384: result: no
configure:3388: checking sys/sockio.h presence
configure:3399: gcc -E  conftest.c
configure:3410:10: fatal error: sys/sockio.h: No such file or directory
     ac_cpp_err=
          ^~~~~~        
compilation terminated.
configure:3405: $? = 1
configure: failed program was:
| #line 3390 "configure"
| /* confdefs.h.  */
| 
| #define PACKAGE_NAME ""
| #define PACKAGE_TARNAME ""
| #define PACKAGE_VERSION ""
| #define PACKAGE_STRING ""
| #define PACKAGE_BUGREPORT ""
| #define inline inline
| #define HAVE___ATTRIBUTE__ 1
| #define STDC_HEADERS 1
| #define HAVE_SYS_TYPES_H 1
| #define HAVE_SYS_STAT_H 1
| #define HAVE_STDLIB_H 1
| #define HAVE_STRING_H 1
| #define HAVE_MEMORY_H 1
| #define HAVE_STRINGS_H 1
| #define HAVE_INTTYPES_H 1
| #define HAVE_STDINT_H 1
| #define HAVE_UNISTD_H 1
| /* end confdefs.h.  */
| #include <sys/sockio.h>
configure:3424: result: no
configure:3460: checking for sys/sockio.h
configure:3467: result: no
configure:3352: checking limits.h usability
configure:3365: gcc -c -g -O2  conftest.c >&5
configure:3368: $? = 0
configure:3371: test -s conftest.o
configure:3374: $? = 0
configure:3384: result: yes
configure:3388: checking limits.h presence
configure:3399: gcc -E  conftest.c
configure:3405: $? = 0
configure:3424: result: yes
configure:3460: checking for limits.h
configure:3467: result: yes
configure:3484: checking for netinet/if_ether.h
configure:3502: gcc -c -g -O2  conftest.c >&5
configure:3505: $? = 0
configure:3508: test -s conftest.o
configure:3511: $? = 0
configure:3522: result: yes
configure:3604: checking for ANSI ioctl definitions
configure:3638: gcc -c -g -O2  conftest.c >&5
configure:3641: $? = 0
configure:3644: test -s conftest.o
configure:3647: $? = 0
configure:3659: result: yes
configure:3675: checking for strerror
configure:3725: gcc -o conftest -g -O2   conftest.c  >&5
configure:3728: $? = 0
configure:3731: test -s conftest
configure:3734: $? = 0
configure:3745: result: yes
configure:3675: checking for strlcpy
configure:3725: gcc -o conftest -g -O2   conftest.c  >&5
/tmp/ccDOHi8l.o: In function `main':
/home/rohan/Desktop/Workplace/Sniffing using libpcap/libpcap-0.9.4/configure:3735: undefined reference to `strlcpy'
/tmp/ccDOHi8l.o:/home/rohan/Desktop/Workplace/Sniffing using libpcap/libpcap-0.9.4/configure:3726: undefined reference to `strlcpy'
collect2: error: ld returned 1 exit status
configure:3728: $? = 1
configure: failed program was:
| #line 3680 "configure"
| /* confdefs.h.  */
| 
| #define PACKAGE_NAME ""
| #define PACKAGE_TARNAME ""
| #define PACKAGE_VERSION ""
| #define PACKAGE_STRING ""
| #define PACKAGE_BUGREPORT ""
| #define inline inline
| #define HAVE___ATTRIBUTE__ 1
| #define STDC_HEADERS 1
| #define HAVE_SYS_TYPES_H 1
| #define HAVE_SYS_STAT_H 1
| #define HAVE_STDLIB_H 1
| #define HAVE_STRING_H 1
| #define HAVE_MEMORY_H 1
| #define HAVE_STRINGS_H 1
| #define HAVE_INTTYPES_H 1
| #define HAVE_STDINT_H 1
| #define HAVE_UNISTD_H 1
| #define HAVE_LIMITS_H 1
| #define HAVE_NETINET_IF_ETHER_H 1
| #define HAVE_STRERROR 1
| /* end confdefs.h.  */
| /* System header to define __stub macros and hopefully few prototypes,
|     which can conflict with char strlcpy (); below.
|     Prefer <limits.h> to <assert.h> if __STDC__ is defined, since
|     <limits.h> exists even on freestanding compilers.  */
| #ifdef __STDC__
| # include <limits.h>
| #else
| # include <assert.h>
| #endif
| /* Override any gcc2 internal prototype to avoid an error.  */
| #ifdef __cplusplus
| extern "C"
| {
| #endif
| /* We use char because int might match the return type of a gcc2
|    builtin and then its argument prototype would still apply.  */
| char strlcpy ();
| /* The GNU C library defines this for functions which it implements
|     to always fail with ENOSYS.  Some functions are actually named
|     something starting with __ and the normal name is an alias.  */
| #if defined (__stub_strlcpy) || defined (__stub___strlcpy)
| choke me
| #else
| char (*f) () = strlcpy;
| #endif
| #ifdef __cplusplus
| }
| #endif
| 
| int
| main ()
| {
| return f != strlcpy;
|   ;
|   return 0;
| }
configure:3745: result: no
configure:3762: checking for vsnprintf
configure:3812: gcc -o conftest -g -O2   conftest.c  >&5
configure:3806:6: warning: conflicting types for built-in function 'vsnprintf' [-Wbuiltin-declaration-mismatch]
 return f != $ac_func;
      ^~~~~~~~~
configure:3815: $? = 0
configure:3818: test -s conftest
configure:3821: $? = 0
configure:3832: result: yes
configure:3762: checking for snprintf
configure:3812: gcc -o conftest -g -O2   conftest.c  >&5
configure:3807:6: warning: conflicting types for built-in function 'snprintf' [-Wbuiltin-declaration-mismatch]
   ;
      ^       
configure:3815: $? = 0
configure:3818: test -s conftest
configure:3821: $? = 0
configure:3832: result: yes
configure:3857: checking for library containing gethostbyname
configure:3888: gcc -o conftest -g -O2   conftest.c  >&5
configure:3891: $? = 0
configure:3894: test -s conftest
configure:3897: $? = 0
configure:3956: result: none required
configure:4026: checking for library containing socket
configure:4057: gcc -o conftest -g -O2   conftest.c  >&5
configure:4060: $? = 0
configure:4063: test -s conftest
configure:4066: $? = 0
configure:4125: result: none required
configure:4192: checking for library containing putmsg
configure:4223: gcc -o conftest -g -O2   conftest.c  >&5
/tmp/ccm0Wt8v.o: In function `main':
/home/rohan/Desktop/Workplace/Sniffing using libpcap/libpcap-0.9.4/configure:4235: warning: putmsg is not implemented and will always fail
configure:4226: $? = 0
configure:4229: test -s conftest
configure:4232: $? = 0
configure:4291: result: none required
configure:4315: checking for ether_hostton
configure:4365: gcc -o conftest -g -O2   conftest.c  >&5
configure:4368: $? = 0
configure:4371: test -s conftest
configure:4374: $? = 0
configure:4385: result: yes
configure:4403: checking whether ether_hostton is declared
configure:4438: gcc -c -g -O2  conftest.c >&5
configure: In function 'main':
configure:4449:22: error: 'ether_hostton' undeclared (first use in this function); did you mean 'ether_header'?
   ac_cv_have_decl_ether_hostton=yes
                      ^~~~~~~~~~~~~
                      ether_header
configure:4449:22: note: each undeclared identifier is reported only once for each function it appears in
configure:4441: $? = 1
configure: failed program was:
| #line 4408 "configure"
| /* confdefs.h.  */
| 
| #define PACKAGE_NAME ""
| #define PACKAGE_TARNAME ""
| #define PACKAGE_VERSION ""
| #define PACKAGE_STRING ""
| #define PACKAGE_BUGREPORT ""
| #define inline inline
| #define HAVE___ATTRIBUTE__ 1
| #define STDC_HEADERS 1
| #define HAVE_SYS_TYPES_H 1
| #define HAVE_SYS_STAT_H 1
| #define HAVE_STDLIB_H 1
| #define HAVE_STRING_H 1
| #define HAVE_MEMORY_H 1
| #define HAVE_STRINGS_H 1
| #define HAVE_INTTYPES_H 1
| #define HAVE_STDINT_H 1
| #define HAVE_UNISTD_H 1
| #define HAVE_LIMITS_H 1
| #define HAVE_NETINET_IF_ETHER_H 1
| #define HAVE_STRERROR 1
| #define HAVE_VSNPRINTF 1
| #define HAVE_SNPRINTF 1
| #define HAVE_ETHER_HOSTTON 1
| /* end confdefs.h.  */
| 
| #include <sys/types.h>
| #include <sys/socket.h>
| #include <netinet/in.h>
| #include <arpa/inet.h>
| struct mbuf;
| struct rtentry;
| #include <net/if.h>
| #include <netinet/if_ether.h>
| 
| 
| int
| main ()
| {
| #ifndef ether_hostton
|   char *p = (char *) ether_hostton;
| #endif
| 
|   ;
|   return 0;
| }
configure:4458: result: no
configure:4492: checking netinet/ether.h usability
configure:4505: gcc -c -g -O2  conftest.c >&5
configure:4508: $? = 0
configure:4511: test -s conftest.o
configure:4514: $? = 0
configure:4524: result: yes
configure:4528: checking netinet/ether.h presence
configure:4539: gcc -E  conftest.c
configure:4545: $? = 0
configure:4564: result: yes
configure:4600: checking for netinet/ether.h
configure:4607: result: yes
configure:4628: checking whether ether_hostton is declared
configure:4656: gcc -c -g -O2  conftest.c >&5
configure:4659: $? = 0
configure:4662: test -s conftest.o
configure:4665: $? = 0
configure:4676: result: yes
configure:4778: checking if --disable-protochain option is specified
configure:4798: result: enabled
configure:4812: checking packet capture type
configure:4848: result: linux
configure:4859: checking for getifaddrs
configure:4909: gcc -o conftest -g -O2   conftest.c  >&5
configure:4912: $? = 0
configure:4915: test -s conftest
configure:4918: $? = 0
configure:4929: result: yes
configure:4947: checking ifaddrs.h usability
configure:4960: gcc -c -g -O2  conftest.c >&5
configure:4963: $? = 0
configure:4966: test -s conftest.o
configure:4969: $? = 0
configure:4979: result: yes
configure:4983: checking ifaddrs.h presence
configure:4994: gcc -E  conftest.c
configure:5000: $? = 0
configure:5019: result: yes
configure:5055: checking for ifaddrs.h
configure:5062: result: yes
configure:5181: checking if --enable-ipv6 option is specified
configure:5195: result: no
configure:5198: checking whether to build optimizer debugging code
configure:5212: result: no
configure:5215: checking whether to build parser debugging code
configure:5229: result: no
configure:5410: checking Linux kernel version
configure:5428: result: 4
configure:5440: checking if if_packet.h has tpacket_stats defined
configure:5463: gcc -c -g -O2  conftest.c >&5
configure:5466: $? = 0
configure:5469: test -s conftest.o
configure:5472: $? = 0
configure:5484: result: yes
configure:5512: checking whether we have /proc/net/dev
configure:5526: result: yes
configure:5607: checking whether we have DAG API headers
configure:5630: result: no (/usr/local/include)
configure:5886: checking whether we have Septel API
configure:5911: result: no
configure:5954: checking for flex
configure:5983: result: no
configure:6022: checking for bison
configure:6051: result: no
configure:6076: checking for capable lex
configure:6087: result: insufficient
configure:6093: error: Your operating system's lex is insufficient to compile
 libpcap.  flex is a lex replacement that has many advantages, including
 being able to compile libpcap.  For more information, see
 http://www.gnu.org/software/flex/flex.html .

## ---------------- ##
## Cache variables. ##
## ---------------- ##

ac_cv___attribute__=yes
ac_cv_build=x86_64-unknown-linux-gnu
ac_cv_build_alias=x86_64-unknown-linux-gnu
ac_cv_c_compiler_gnu=yes
ac_cv_env_CC_set=
ac_cv_env_CC_value=
ac_cv_env_CFLAGS_set=
ac_cv_env_CFLAGS_value=
ac_cv_env_CPPFLAGS_set=
ac_cv_env_CPPFLAGS_value=
ac_cv_env_CPP_set=
ac_cv_env_CPP_value=
ac_cv_env_LDFLAGS_set=
ac_cv_env_LDFLAGS_value=
ac_cv_env_build_alias_set=
ac_cv_env_build_alias_value=
ac_cv_env_host_alias_set=
ac_cv_env_host_alias_value=
ac_cv_env_target_alias_set=
ac_cv_env_target_alias_value=
ac_cv_exeext=
ac_cv_func_ether_hostton=yes
ac_cv_func_getifaddrs=yes
ac_cv_func_snprintf=yes
ac_cv_func_strerror=yes
ac_cv_func_strlcpy=no
ac_cv_func_vsnprintf=yes
ac_cv_have_decl_ether_hostton=yes
ac_cv_header_ifaddrs_h=yes
ac_cv_header_inttypes_h=yes
ac_cv_header_limits_h=yes
ac_cv_header_memory_h=yes
ac_cv_header_netinet_ether_h=yes
ac_cv_header_netinet_if_ether_h=yes
ac_cv_header_stdc=yes
ac_cv_header_stdint_h=yes
ac_cv_header_stdlib_h=yes
ac_cv_header_string_h=yes
ac_cv_header_strings_h=yes
ac_cv_header_sys_ioccom_h=no
ac_cv_header_sys_sockio_h=no
ac_cv_header_sys_stat_h=yes
ac_cv_header_sys_types_h=yes
ac_cv_header_unistd_h=yes
ac_cv_host=x86_64-unknown-linux-gnu
ac_cv_host_alias=x86_64-unknown-linux-gnu
ac_cv_lbl_dag_api=no
ac_cv_lbl_gcc_fixincludes=yes
ac_cv_lbl_gcc_vers=7
ac_cv_lbl_have_u_int16_t=yes
ac_cv_lbl_have_u_int32_t=yes
ac_cv_lbl_have_u_int8_t=yes
ac_cv_lbl_inline=inline
ac_cv_lbl_proc_net_dev=yes
ac_cv_lbl_septel_api=no
ac_cv_lbl_tpacket_stats=yes
ac_cv_linux_vers=4
ac_cv_objext=o
ac_cv_prog_CPP='gcc -E'
ac_cv_prog_ac_ct_CC=gcc
ac_cv_prog_cc_g=yes
ac_cv_prog_cc_stdc=
ac_cv_prog_egrep='grep -E'
ac_cv_search_gethostbyname='none required'
ac_cv_search_putmsg='none required'
ac_cv_search_socket='none required'
ac_cv_target=x86_64-unknown-linux-gnu
ac_cv_target_alias=x86_64-unknown-linux-gnu
tcpdump_cv_capable_lex=insufficient

## ----------------- ##
## Output variables. ##
## ----------------- ##

CC='gcc'
CFLAGS='-g -O2'
CPP='gcc -E'
CPPFLAGS=''
DEFS=''
DYEXT=''
ECHO_C=''
ECHO_N='-n'
ECHO_T=''
EGREP='grep -E'
EXEEXT=''
INSTALL_DATA=''
INSTALL_PROGRAM=''
INSTALL_SCRIPT=''
LDFLAGS=''
LIBOBJS=''
LIBS=''
LTLIBOBJS=''
OBJEXT='o'
PACKAGE_BUGREPORT=''
PACKAGE_NAME=''
PACKAGE_STRING=''
PACKAGE_TARNAME=''
PACKAGE_VERSION=''
PATH_SEPARATOR=':'
RANLIB=''
SHELL='/bin/bash'
SHLICC2=''
SSRC=''
V_CCOPT='-O2'
V_DEFS=' -D_U_="__attribute__((unused))"'
V_FINDALLDEVS='getad'
V_INCLS=''
V_LEX='lex'
V_LIBS=''
V_PCAP='linux'
V_RANLIB=''
V_YACC='yacc'
ac_ct_CC='gcc'
ac_ct_RANLIB=''
bindir='${exec_prefix}/bin'
build='x86_64-unknown-linux-gnu'
build_alias=''
build_cpu='x86_64'
build_os='linux-gnu'
build_vendor='unknown'
datadir='${prefix}/share'
exec_prefix='NONE'
host='x86_64-unknown-linux-gnu'
host_alias=''
host_cpu='x86_64'
host_os='linux-gnu'
host_vendor='unknown'
includedir='${prefix}/include'
infodir='${prefix}/info'
libdir='${exec_prefix}/lib'
libexecdir='${exec_prefix}/libexec'
localstatedir='${prefix}/var'
mandir='${prefix}/man'
oldincludedir='/usr/include'
prefix='NONE'
program_transform_name='s,x,x,'
sbindir='${exec_prefix}/sbin'
sharedstatedir='${prefix}/com'
sysconfdir='${prefix}/etc'
target='x86_64-unknown-linux-gnu'
target_alias=''
target_cpu='x86_64'
target_os='linux-gnu'
target_vendor='unknown'

## ----------- ##
## confdefs.h. ##
## ----------- ##

#define HAVE_DECL_ETHER_HOSTTON 1
#define HAVE_ETHER_HOSTTON 1
#define HAVE_INTTYPES_H 1
#define HAVE_LIMITS_H 1
#define HAVE_MEMORY_H 1
#define HAVE_NETINET_ETHER_H 1
#define HAVE_NETINET_IF_ETHER_H 1
#define HAVE_PROC_NET_DEV 1
#define HAVE_SNPRINTF 1
#define HAVE_STDINT_H 1
#define HAVE_STDLIB_H 1
#define HAVE_STRERROR 1
#define HAVE_STRINGS_H 1
#define HAVE_STRING_H 1
#define HAVE_SYS_STAT_H 1
#define HAVE_SYS_TYPES_H 1
#define HAVE_TPACKET_STATS 1
#define HAVE_UNISTD_H 1
#define HAVE_VSNPRINTF 1
#define HAVE___ATTRIBUTE__ 1
#define NETINET_ETHER_H_DECLARES_ETHER_HOSTTON
#define PACKAGE_BUGREPORT ""
#define PACKAGE_NAME ""
#define PACKAGE_STRING ""
#define PACKAGE_TARNAME ""
#define PACKAGE_VERSION ""
#define STDC_HEADERS 1
#define inline inline

configure: exit 1
